c:\users\asus-pc\documents\visual studio 2013\projects\0141121830_zhaobeichen_源码\debug\0141121830_zhaobeichen.bsc
c:\users\asus-pc\documents\visual studio 2013\projects\0141121830_zhaobeichen_源码\0141121830_zhaobeichen\debug\0141121830_zhaobeichen.pch
c:\users\asus-pc\documents\visual studio 2013\projects\0141121830_zhaobeichen_源码\0141121830_zhaobeichen\debug\vc120.pdb
c:\users\asus-pc\documents\visual studio 2013\projects\0141121830_zhaobeichen_源码\0141121830_zhaobeichen\debug\vc120.idb
c:\users\asus-pc\documents\visual studio 2013\projects\0141121830_zhaobeichen_源码\0141121830_zhaobeichen\debug\stdafx.sbr
c:\users\asus-pc\documents\visual studio 2013\projects\0141121830_zhaobeichen_源码\0141121830_zhaobeichen\debug\stdafx.obj
c:\users\asus-pc\documents\visual studio 2013\projects\0141121830_zhaobeichen_源码\0141121830_zhaobeichen\debug\testers.sbr
c:\users\asus-pc\documents\visual studio 2013\projects\0141121830_zhaobeichen_源码\0141121830_zhaobeichen\debug\setpara.sbr
c:\users\asus-pc\documents\visual studio 2013\projects\0141121830_zhaobeichen_源码\0141121830_zhaobeichen\debug\set.sbr
c:\users\asus-pc\documents\visual studio 2013\projects\0141121830_zhaobeichen_源码\0141121830_zhaobeichen\debug\pdfout.sbr
c:\users\asus-pc\documents\visual studio 2013\projects\0141121830_zhaobeichen_源码\0141121830_zhaobeichen\debug\function.sbr
c:\users\asus-pc\documents\visual studio 2013\projects\0141121830_zhaobeichen_源码\0141121830_zhaobeichen\debug\encryptiondialog.sbr
c:\users\asus-pc\documents\visual studio 2013\projects\0141121830_zhaobeichen_源码\0141121830_zhaobeichen\debug\encryption.sbr
c:\users\asus-pc\documents\visual studio 2013\projects\0141121830_zhaobeichen_源码\0141121830_zhaobeichen\debug\checkidcardnum.sbr
c:\users\asus-pc\documents\visual studio 2013\projects\0141121830_zhaobeichen_源码\0141121830_zhaobeichen\debug\calscore.sbr
c:\users\asus-pc\documents\visual studio 2013\projects\0141121830_zhaobeichen_源码\0141121830_zhaobeichen\debug\alert_02.sbr
c:\users\asus-pc\documents\visual studio 2013\projects\0141121830_zhaobeichen_源码\0141121830_zhaobeichen\debug\alert_01.sbr
c:\users\asus-pc\documents\visual studio 2013\projects\0141121830_zhaobeichen_源码\0141121830_zhaobeichen\debug\alert.sbr
c:\users\asus-pc\documents\visual studio 2013\projects\0141121830_zhaobeichen_源码\0141121830_zhaobeichen\debug\addfile.sbr
c:\users\asus-pc\documents\visual studio 2013\projects\0141121830_zhaobeichen_源码\0141121830_zhaobeichen\debug\0141121830_zhaobeichendlg.sbr
c:\users\asus-pc\documents\visual studio 2013\projects\0141121830_zhaobeichen_源码\0141121830_zhaobeichen\debug\0141121830_zhaobeichen.sbr
c:\users\asus-pc\documents\visual studio 2013\projects\0141121830_zhaobeichen_源码\0141121830_zhaobeichen\debug\0141121830_zhaobeichen.obj
c:\users\asus-pc\documents\visual studio 2013\projects\0141121830_zhaobeichen_源码\0141121830_zhaobeichen\debug\0141121830_zhaobeichendlg.obj
c:\users\asus-pc\documents\visual studio 2013\projects\0141121830_zhaobeichen_源码\0141121830_zhaobeichen\debug\addfile.obj
c:\users\asus-pc\documents\visual studio 2013\projects\0141121830_zhaobeichen_源码\0141121830_zhaobeichen\debug\alert.obj
c:\users\asus-pc\documents\visual studio 2013\projects\0141121830_zhaobeichen_源码\0141121830_zhaobeichen\debug\alert_01.obj
c:\users\asus-pc\documents\visual studio 2013\projects\0141121830_zhaobeichen_源码\0141121830_zhaobeichen\debug\alert_02.obj
c:\users\asus-pc\documents\visual studio 2013\projects\0141121830_zhaobeichen_源码\0141121830_zhaobeichen\debug\calscore.obj
c:\users\asus-pc\documents\visual studio 2013\projects\0141121830_zhaobeichen_源码\0141121830_zhaobeichen\debug\checkidcardnum.obj
c:\users\asus-pc\documents\visual studio 2013\projects\0141121830_zhaobeichen_源码\0141121830_zhaobeichen\debug\encryption.obj
c:\users\asus-pc\documents\visual studio 2013\projects\0141121830_zhaobeichen_源码\0141121830_zhaobeichen\debug\encryptiondialog.obj
c:\users\asus-pc\documents\visual studio 2013\projects\0141121830_zhaobeichen_源码\0141121830_zhaobeichen\debug\function.obj
c:\users\asus-pc\documents\visual studio 2013\projects\0141121830_zhaobeichen_源码\0141121830_zhaobeichen\debug\pdfout.obj
c:\users\asus-pc\documents\visual studio 2013\projects\0141121830_zhaobeichen_源码\0141121830_zhaobeichen\debug\set.obj
c:\users\asus-pc\documents\visual studio 2013\projects\0141121830_zhaobeichen_源码\0141121830_zhaobeichen\debug\setpara.obj
c:\users\asus-pc\documents\visual studio 2013\projects\0141121830_zhaobeichen_源码\0141121830_zhaobeichen\debug\testers.obj
c:\users\asus-pc\documents\visual studio 2013\projects\0141121830_zhaobeichen_源码\debug\0141121830_zhaobeichen.ilk
c:\users\asus-pc\documents\visual studio 2013\projects\0141121830_zhaobeichen_源码\debug\0141121830_zhaobeichen.exe
c:\users\asus-pc\documents\visual studio 2013\projects\0141121830_zhaobeichen_源码\debug\0141121830_zhaobeichen.pdb
c:\users\asus-pc\documents\visual studio 2013\projects\0141121830_zhaobeichen_源码\0141121830_zhaobeichen\debug\0141121830_zhaobeichen.res
c:\users\asus-pc\documents\visual studio 2013\projects\0141121830_zhaobeichen_源码\0141121830_zhaobeichen\debug\01411218.4e711b4f.tlog\bscmake.command.1.tlog
c:\users\asus-pc\documents\visual studio 2013\projects\0141121830_zhaobeichen_源码\0141121830_zhaobeichen\debug\01411218.4e711b4f.tlog\bscmake.read.1.tlog
c:\users\asus-pc\documents\visual studio 2013\projects\0141121830_zhaobeichen_源码\0141121830_zhaobeichen\debug\01411218.4e711b4f.tlog\bscmake.write.1.tlog
c:\users\asus-pc\documents\visual studio 2013\projects\0141121830_zhaobeichen_源码\0141121830_zhaobeichen\debug\01411218.4e711b4f.tlog\cl.command.1.tlog
c:\users\asus-pc\documents\visual studio 2013\projects\0141121830_zhaobeichen_源码\0141121830_zhaobeichen\debug\01411218.4e711b4f.tlog\cl.read.1.tlog
c:\users\asus-pc\documents\visual studio 2013\projects\0141121830_zhaobeichen_源码\0141121830_zhaobeichen\debug\01411218.4e711b4f.tlog\cl.write.1.tlog
c:\users\asus-pc\documents\visual studio 2013\projects\0141121830_zhaobeichen_源码\0141121830_zhaobeichen\debug\01411218.4e711b4f.tlog\link.command.1.tlog
c:\users\asus-pc\documents\visual studio 2013\projects\0141121830_zhaobeichen_源码\0141121830_zhaobeichen\debug\01411218.4e711b4f.tlog\link.read.1.tlog
c:\users\asus-pc\documents\visual studio 2013\projects\0141121830_zhaobeichen_源码\0141121830_zhaobeichen\debug\01411218.4e711b4f.tlog\link.write.1.tlog
c:\users\asus-pc\documents\visual studio 2013\projects\0141121830_zhaobeichen_源码\0141121830_zhaobeichen\debug\01411218.4e711b4f.tlog\rc.command.1.tlog
c:\users\asus-pc\documents\visual studio 2013\projects\0141121830_zhaobeichen_源码\0141121830_zhaobeichen\debug\01411218.4e711b4f.tlog\rc.read.1.tlog
c:\users\asus-pc\documents\visual studio 2013\projects\0141121830_zhaobeichen_源码\0141121830_zhaobeichen\debug\01411218.4e711b4f.tlog\rc.write.1.tlog
