生成启动时间为 2016/6/14 20:48:39。
     1>项目“C:\Users\asus-pc\Documents\Visual Studio 2013\Projects\TUMMS\TUMMS\TUMMS.vcxproj”在节点 2 上(Build 个目标)。
     1>ResourceCompile:
         C:\Program Files (x86)\Windows Kits\8.1\bin\x86\rc.exe /D _DEBUG /D _UNICODE /D UNICODE /D _AFXDLL /l"0x0804" /IDebug\ /nologo /fo"Debug\TUMMS.res" TUMMS.rc 
       Link:
         D:\VS2013\VC\bin\link.exe /ERRORREPORT:PROMPT /OUT:"C:\Users\asus-pc\Documents\Visual Studio 2013\Projects\TUMMS\Debug\TUMMS.exe" /INCREMENTAL /NOLOGO /MANIFEST /MANIFESTUAC:"level='asInvoker' uiAccess='false'" /manifest:embed /manifestinput:D:\VS2013\VC\Include\Manifest\dpiaware.manifest /DEBUG /PDB:"C:\Users\asus-pc\Documents\Visual Studio 2013\Projects\TUMMS\Debug\TUMMS.pdb" /SUBSYSTEM:WINDOWS /TLBID:1 /ENTRY:"wWinMainCRTStartup" /DYNAMICBASE /NXCOMPAT /IMPLIB:"C:\Users\asus-pc\Documents\Visual Studio 2013\Projects\TUMMS\Debug\TUMMS.lib" /MACHINE:X86 Debug\TUMMS.res
         Debug\check_float.obj
         Debug\check_isbn.obj
         Debug\check_number.obj
         Debug\DBOperation.obj
         Debug\Dialog_admin.obj
         Debug\Dialog_changePassword.obj
         Debug\Dialog_manage.obj
         Debug\Dialog_notice.obj
         Debug\Dialog_reason.obj
         Debug\Dialog_sendMail.obj
         Debug\Dialog_user.obj
         Debug\Function.obj
         Debug\stdafx.obj
         Debug\TUMMS.obj
         Debug\TUMMSDlg.obj
         TUMMS.vcxproj -> C:\Users\asus-pc\Documents\Visual Studio 2013\Projects\TUMMS\Debug\TUMMS.exe
     1>已完成生成项目“C:\Users\asus-pc\Documents\Visual Studio 2013\Projects\TUMMS\TUMMS\TUMMS.vcxproj”(Build 个目标)的操作。

生成成功。

已用时间 00:00:01.07
