c:\users\asus-pc\documents\visual studio 2013\projects\tumms\tumms\debug\tumms.pch
c:\users\asus-pc\documents\visual studio 2013\projects\tumms\tumms\debug\vc120.pdb
c:\users\asus-pc\documents\visual studio 2013\projects\tumms\tumms\debug\vc120.idb
c:\users\asus-pc\documents\visual studio 2013\projects\tumms\tumms\debug\stdafx.obj
c:\users\asus-pc\documents\visual studio 2013\projects\tumms\tumms\debug\dboperation.obj
c:\users\asus-pc\documents\visual studio 2013\projects\tumms\tumms\debug\dialog_admin.obj
c:\users\asus-pc\documents\visual studio 2013\projects\tumms\tumms\debug\dialog_manage.obj
c:\users\asus-pc\documents\visual studio 2013\projects\tumms\tumms\debug\dialog_user.obj
c:\users\asus-pc\documents\visual studio 2013\projects\tumms\tumms\debug\tumms.obj
c:\users\asus-pc\documents\visual studio 2013\projects\tumms\tumms\debug\tummsdlg.obj
c:\users\asus-pc\documents\visual studio 2013\projects\tumms\tumms\debug\tumms.res
c:\users\asus-pc\documents\visual studio 2013\projects\tumms\tumms\debug\msado15.tli
c:\users\asus-pc\documents\visual studio 2013\projects\tumms\tumms\debug\msado15.tlh
c:\users\asus-pc\documents\visual studio 2013\projects\tumms\debug\tumms.exe
c:\users\asus-pc\documents\visual studio 2013\projects\tumms\tumms\debug\tumms.tlog\cl.command.1.tlog
c:\users\asus-pc\documents\visual studio 2013\projects\tumms\tumms\debug\tumms.tlog\cl.read.1.tlog
c:\users\asus-pc\documents\visual studio 2013\projects\tumms\tumms\debug\tumms.tlog\cl.read.2.tlog
c:\users\asus-pc\documents\visual studio 2013\projects\tumms\tumms\debug\tumms.tlog\cl.write.1.tlog
c:\users\asus-pc\documents\visual studio 2013\projects\tumms\tumms\debug\tumms.tlog\link.command.1.tlog
c:\users\asus-pc\documents\visual studio 2013\projects\tumms\tumms\debug\tumms.tlog\link.read.1.tlog
c:\users\asus-pc\documents\visual studio 2013\projects\tumms\tumms\debug\tumms.tlog\link.write.1.tlog
c:\users\asus-pc\documents\visual studio 2013\projects\tumms\tumms\debug\tumms.tlog\rc.command.1.tlog
c:\users\asus-pc\documents\visual studio 2013\projects\tumms\tumms\debug\tumms.tlog\rc.read.1.tlog
c:\users\asus-pc\documents\visual studio 2013\projects\tumms\tumms\debug\tumms.tlog\rc.write.1.tlog
