生成启动时间为 2016/11/28 19:09:10。
     1>项目“c:\Users\asus-pc\documents\visual studio 2013\Projects\MPRCSSS\MPRCSSS\MPRCSSS.vcxproj”在节点 2 上(Build 个目标)。
     1>ClCompile:
         D:\VS2013\VC\bin\CL.exe /c /ZI /nologo /W3 /WX- /sdl /Od /Oy- /D WIN32 /D _WINDOWS /D _DEBUG /D _UNICODE /D UNICODE /D _AFXDLL /Gm /EHsc /RTC1 /MDd /GS /fp:precise /Zc:wchar_t /Zc:forScope /Yu"stdafx.h" /Fp"Debug\MPRCSSS.pch" /Fo"Debug\\" /Fd"Debug\vc120.pdb" /Gd /TP /analyze- /errorReport:prompt MPRCSSS.cpp MPRCSSSDlg.cpp
         MPRCSSS.cpp
         正在生成代码...
         正在编译...
         MPRCSSSDlg.cpp
         正在生成代码...
       ResourceCompile:
         C:\Program Files (x86)\Windows Kits\8.1\bin\x86\rc.exe /D _DEBUG /D _UNICODE /D UNICODE /D _AFXDLL /l"0x0804" /IDebug\ /nologo /fo"Debug\MPRCSSS.res" MPRCSSS.rc 
       Link:
         D:\VS2013\VC\bin\link.exe /ERRORREPORT:PROMPT /OUT:"c:\users\asus-pc\documents\visual studio 2013\Projects\MPRCSSS\Debug\MPRCSSS.exe" /INCREMENTAL /NOLOGO /MANIFEST /MANIFESTUAC:"level='asInvoker' uiAccess='false'" /manifest:embed /manifestinput:D:\VS2013\VC\Include\Manifest\dpiaware.manifest /DEBUG /PDB:"c:\users\asus-pc\documents\visual studio 2013\Projects\MPRCSSS\Debug\MPRCSSS.pdb" /SUBSYSTEM:WINDOWS /TLBID:1 /ENTRY:"wWinMainCRTStartup" /DYNAMICBASE /NXCOMPAT /IMPLIB:"c:\users\asus-pc\documents\visual studio 2013\Projects\MPRCSSS\Debug\MPRCSSS.lib" /MACHINE:X86 Debug\MPRCSSS.res
         Debug\MPRCSSS.obj
         Debug\MPRCSSSDlg.obj
         Debug\stdafx.obj
         MPRCSSS.vcxproj -> c:\users\asus-pc\documents\visual studio 2013\Projects\MPRCSSS\Debug\MPRCSSS.exe
     1>已完成生成项目“c:\Users\asus-pc\documents\visual studio 2013\Projects\MPRCSSS\MPRCSSS\MPRCSSS.vcxproj”(Build 个目标)的操作。

生成成功。

已用时间 00:00:02.03
