生成启动时间为 2016/8/26 10:45:47。
     1>项目“C:\Users\asus-pc\Documents\Visual Studio 2013\Projects\备份\0141121830_zhaobeichen_源码\0141121830_zhaobeichen\0141121830_zhaobeichen.vcxproj”在节点 2 上(Build 个目标)。
     1>ResourceCompile:
         C:\Program Files (x86)\Windows Kits\8.1\bin\x86\rc.exe /D _DEBUG /D _AFXDLL /l"0x0804" /IDebug\ /nologo /fo"Debug\0141121830_zhaobeichen.res" 0141121830_zhaobeichen.rc 
       Link:
         D:\VS2013\VC\bin\link.exe /ERRORREPORT:PROMPT /OUT:"C:\Users\asus-pc\Documents\Visual Studio 2013\Projects\备份\0141121830_zhaobeichen_源码\Debug\0141121830_zhaobeichen.exe" /INCREMENTAL /NOLOGO Winmm.lib PDFlib/pdflib.lib shlwapi.lib /MANIFEST /MANIFESTUAC:"level='asInvoker' uiAccess='false'" /manifest:embed /manifestinput:D:\VS2013\VC\Include\Manifest\dpiaware.manifest /DEBUG /PDB:"C:\Users\asus-pc\Documents\Visual Studio 2013\Projects\备份\0141121830_zhaobeichen_源码\Debug\0141121830_zhaobeichen.pdb" /SUBSYSTEM:WINDOWS /TLBID:1 /DYNAMICBASE /NXCOMPAT /IMPLIB:"C:\Users\asus-pc\Documents\Visual Studio 2013\Projects\备份\0141121830_zhaobeichen_源码\Debug\0141121830_zhaobeichen.lib" /MACHINE:X86 Debug\0141121830_zhaobeichen.res
         Debug\0141121830_zhaobeichen.obj
         Debug\0141121830_zhaobeichenDlg.obj
         Debug\AddFile.obj
         Debug\Alert.obj
         Debug\Alert_01.obj
         Debug\Alert_02.obj
         Debug\CalScore.obj
         Debug\checkIDcardNum.obj
         Debug\Encryption.obj
         Debug\EncryptionDialog.obj
         Debug\Function.obj
         Debug\PDFout.obj
         Debug\Set.obj
         Debug\SetPara.obj
         Debug\stdafx.obj
         Debug\Testers.obj
         0141121830_zhaobeichen.vcxproj -> C:\Users\asus-pc\Documents\Visual Studio 2013\Projects\备份\0141121830_zhaobeichen_源码\Debug\0141121830_zhaobeichen.exe
     1>已完成生成项目“C:\Users\asus-pc\Documents\Visual Studio 2013\Projects\备份\0141121830_zhaobeichen_源码\0141121830_zhaobeichen\0141121830_zhaobeichen.vcxproj”(Build 个目标)的操作。

生成成功。

已用时间 00:00:00.45
