c:\users\asus-pc\documents\visual studio 2013\projects\0141121830_zhaobeichen\0141121830_zhaobeichen\debug\0141121830_zhaobeichen.pch
c:\users\asus-pc\documents\visual studio 2013\projects\0141121830_zhaobeichen\0141121830_zhaobeichen\debug\vc120.pdb
c:\users\asus-pc\documents\visual studio 2013\projects\0141121830_zhaobeichen\0141121830_zhaobeichen\debug\vc120.idb
c:\users\asus-pc\documents\visual studio 2013\projects\0141121830_zhaobeichen\0141121830_zhaobeichen\debug\stdafx.obj
c:\users\asus-pc\documents\visual studio 2013\projects\0141121830_zhaobeichen\0141121830_zhaobeichen\debug\0141121830_zhaobeichen.obj
c:\users\asus-pc\documents\visual studio 2013\projects\0141121830_zhaobeichen\0141121830_zhaobeichen\debug\0141121830_zhaobeichendlg.obj
c:\users\asus-pc\documents\visual studio 2013\projects\0141121830_zhaobeichen\0141121830_zhaobeichen\debug\calscore.obj
c:\users\asus-pc\documents\visual studio 2013\projects\0141121830_zhaobeichen\0141121830_zhaobeichen\debug\checkidcardnum.obj
c:\users\asus-pc\documents\visual studio 2013\projects\0141121830_zhaobeichen\0141121830_zhaobeichen\debug\encryption.obj
c:\users\asus-pc\documents\visual studio 2013\projects\0141121830_zhaobeichen\0141121830_zhaobeichen\debug\function.obj
c:\users\asus-pc\documents\visual studio 2013\projects\0141121830_zhaobeichen\0141121830_zhaobeichen\debug\pdfout.obj
c:\users\asus-pc\documents\visual studio 2013\projects\0141121830_zhaobeichen\0141121830_zhaobeichen\debug\testers.obj
c:\users\asus-pc\documents\visual studio 2013\projects\0141121830_zhaobeichen\0141121830_zhaobeichen\debug\encryptiondialog.obj
c:\users\asus-pc\documents\visual studio 2013\projects\备份\0141121830_zhaobeichen\0141121830_zhaobeichen\debug\0141121830_zhaobeichen.pch
c:\users\asus-pc\documents\visual studio 2013\projects\备份\0141121830_zhaobeichen\0141121830_zhaobeichen\debug\vc120.pdb
c:\users\asus-pc\documents\visual studio 2013\projects\备份\0141121830_zhaobeichen\0141121830_zhaobeichen\debug\vc120.idb
c:\users\asus-pc\documents\visual studio 2013\projects\备份\0141121830_zhaobeichen\0141121830_zhaobeichen\debug\stdafx.obj
c:\users\asus-pc\documents\visual studio 2013\projects\备份\0141121830_zhaobeichen\0141121830_zhaobeichen\debug\0141121830_zhaobeichen.obj
c:\users\asus-pc\documents\visual studio 2013\projects\备份\0141121830_zhaobeichen\0141121830_zhaobeichen\debug\0141121830_zhaobeichendlg.obj
c:\users\asus-pc\documents\visual studio 2013\projects\备份\0141121830_zhaobeichen\0141121830_zhaobeichen\debug\calscore.obj
c:\users\asus-pc\documents\visual studio 2013\projects\备份\0141121830_zhaobeichen\0141121830_zhaobeichen\debug\checkidcardnum.obj
c:\users\asus-pc\documents\visual studio 2013\projects\备份\0141121830_zhaobeichen\0141121830_zhaobeichen\debug\encryption.obj
c:\users\asus-pc\documents\visual studio 2013\projects\备份\0141121830_zhaobeichen\0141121830_zhaobeichen\debug\encryptiondialog.obj
c:\users\asus-pc\documents\visual studio 2013\projects\备份\0141121830_zhaobeichen\0141121830_zhaobeichen\debug\function.obj
c:\users\asus-pc\documents\visual studio 2013\projects\备份\0141121830_zhaobeichen\0141121830_zhaobeichen\debug\pdfout.obj
c:\users\asus-pc\documents\visual studio 2013\projects\备份\0141121830_zhaobeichen\0141121830_zhaobeichen\debug\testers.obj
c:\users\asus-pc\documents\visual studio 2013\projects\备份\0141121830_zhaobeichen_源码\0141121830_zhaobeichen\debug\0141121830_zhaobeichen.pch
c:\users\asus-pc\documents\visual studio 2013\projects\备份\0141121830_zhaobeichen_源码\0141121830_zhaobeichen\debug\vc120.pdb
c:\users\asus-pc\documents\visual studio 2013\projects\备份\0141121830_zhaobeichen_源码\0141121830_zhaobeichen\debug\vc120.idb
c:\users\asus-pc\documents\visual studio 2013\projects\备份\0141121830_zhaobeichen_源码\0141121830_zhaobeichen\debug\stdafx.obj
c:\users\asus-pc\documents\visual studio 2013\projects\备份\0141121830_zhaobeichen_源码\0141121830_zhaobeichen\debug\0141121830_zhaobeichen.obj
c:\users\asus-pc\documents\visual studio 2013\projects\备份\0141121830_zhaobeichen_源码\0141121830_zhaobeichen\debug\0141121830_zhaobeichendlg.obj
c:\users\asus-pc\documents\visual studio 2013\projects\备份\0141121830_zhaobeichen_源码\0141121830_zhaobeichen\debug\calscore.obj
c:\users\asus-pc\documents\visual studio 2013\projects\备份\0141121830_zhaobeichen_源码\0141121830_zhaobeichen\debug\checkidcardnum.obj
c:\users\asus-pc\documents\visual studio 2013\projects\备份\0141121830_zhaobeichen_源码\0141121830_zhaobeichen\debug\encryption.obj
c:\users\asus-pc\documents\visual studio 2013\projects\备份\0141121830_zhaobeichen_源码\0141121830_zhaobeichen\debug\encryptiondialog.obj
c:\users\asus-pc\documents\visual studio 2013\projects\备份\0141121830_zhaobeichen_源码\0141121830_zhaobeichen\debug\function.obj
c:\users\asus-pc\documents\visual studio 2013\projects\备份\0141121830_zhaobeichen_源码\0141121830_zhaobeichen\debug\pdfout.obj
c:\users\asus-pc\documents\visual studio 2013\projects\备份\0141121830_zhaobeichen_源码\0141121830_zhaobeichen\debug\testers.obj
c:\users\asus-pc\documents\visual studio 2013\projects\0141121830_zhaobeichen\debug\0141121830_zhaobeichen.ilk
c:\users\asus-pc\documents\visual studio 2013\projects\0141121830_zhaobeichen\debug\0141121830_zhaobeichen.exe
c:\users\asus-pc\documents\visual studio 2013\projects\0141121830_zhaobeichen\debug\0141121830_zhaobeichen.pdb
c:\users\asus-pc\documents\visual studio 2013\projects\备份\0141121830_zhaobeichen\debug\0141121830_zhaobeichen.ilk
c:\users\asus-pc\documents\visual studio 2013\projects\备份\0141121830_zhaobeichen\debug\0141121830_zhaobeichen.exe
c:\users\asus-pc\documents\visual studio 2013\projects\备份\0141121830_zhaobeichen\debug\0141121830_zhaobeichen.pdb
c:\users\asus-pc\documents\visual studio 2013\projects\备份\0141121830_zhaobeichen_源码\debug\0141121830_zhaobeichen.ilk
c:\users\asus-pc\documents\visual studio 2013\projects\备份\0141121830_zhaobeichen_源码\debug\0141121830_zhaobeichen.exe
c:\users\asus-pc\documents\visual studio 2013\projects\备份\0141121830_zhaobeichen_源码\debug\0141121830_zhaobeichen.pdb
c:\users\asus-pc\documents\visual studio 2013\projects\0141121830_zhaobeichen\0141121830_zhaobeichen\debug\0141121830_zhaobeichen.res
c:\users\asus-pc\documents\visual studio 2013\projects\备份\0141121830_zhaobeichen\0141121830_zhaobeichen\debug\0141121830_zhaobeichen.res
c:\users\asus-pc\documents\visual studio 2013\projects\备份\0141121830_zhaobeichen_源码\0141121830_zhaobeichen\debug\0141121830_zhaobeichen.res
c:\users\asus-pc\documents\visual studio 2013\projects\备份\0141121830_zhaobeichen_源码\0141121830_zhaobeichen\debug\01411218.4e711b4f.tlog\cl.command.1.tlog
c:\users\asus-pc\documents\visual studio 2013\projects\备份\0141121830_zhaobeichen_源码\0141121830_zhaobeichen\debug\01411218.4e711b4f.tlog\cl.read.1.tlog
c:\users\asus-pc\documents\visual studio 2013\projects\备份\0141121830_zhaobeichen_源码\0141121830_zhaobeichen\debug\01411218.4e711b4f.tlog\cl.write.1.tlog
c:\users\asus-pc\documents\visual studio 2013\projects\备份\0141121830_zhaobeichen_源码\0141121830_zhaobeichen\debug\01411218.4e711b4f.tlog\link.command.1.tlog
c:\users\asus-pc\documents\visual studio 2013\projects\备份\0141121830_zhaobeichen_源码\0141121830_zhaobeichen\debug\01411218.4e711b4f.tlog\link.read.1.tlog
c:\users\asus-pc\documents\visual studio 2013\projects\备份\0141121830_zhaobeichen_源码\0141121830_zhaobeichen\debug\01411218.4e711b4f.tlog\link.write.1.tlog
c:\users\asus-pc\documents\visual studio 2013\projects\备份\0141121830_zhaobeichen_源码\0141121830_zhaobeichen\debug\01411218.4e711b4f.tlog\rc.command.1.tlog
c:\users\asus-pc\documents\visual studio 2013\projects\备份\0141121830_zhaobeichen_源码\0141121830_zhaobeichen\debug\01411218.4e711b4f.tlog\rc.read.1.tlog
c:\users\asus-pc\documents\visual studio 2013\projects\备份\0141121830_zhaobeichen_源码\0141121830_zhaobeichen\debug\01411218.4e711b4f.tlog\rc.write.1.tlog
