H:\0141121830_ZHAOBEICHEN_源码\0141121830_ZHAOBEICHEN\DEBUG\
H:\0141121830_ZHAOBEICHEN_源码\0141121830_ZHAOBEICHEN\DEBUG\0141121830_ZHAOBEICHEN.OBJ
H:\0141121830_ZHAOBEICHEN_源码\0141121830_ZHAOBEICHEN\DEBUG\0141121830_ZHAOBEICHEN.PCH
H:\0141121830_ZHAOBEICHEN_源码\0141121830_ZHAOBEICHEN\DEBUG\0141121830_ZHAOBEICHEN.SBR
H:\0141121830_ZHAOBEICHEN_源码\0141121830_ZHAOBEICHEN\DEBUG\0141121830_ZHAOBEICHENDLG.OBJ
H:\0141121830_ZHAOBEICHEN_源码\0141121830_ZHAOBEICHEN\DEBUG\0141121830_ZHAOBEICHENDLG.SBR
H:\0141121830_ZHAOBEICHEN_源码\0141121830_ZHAOBEICHEN\DEBUG\ADDFILE.OBJ
H:\0141121830_ZHAOBEICHEN_源码\0141121830_ZHAOBEICHEN\DEBUG\ADDFILE.SBR
H:\0141121830_ZHAOBEICHEN_源码\0141121830_ZHAOBEICHEN\DEBUG\ALERT.OBJ
H:\0141121830_ZHAOBEICHEN_源码\0141121830_ZHAOBEICHEN\DEBUG\ALERT.SBR
H:\0141121830_ZHAOBEICHEN_源码\0141121830_ZHAOBEICHEN\DEBUG\ALERT_01.OBJ
H:\0141121830_ZHAOBEICHEN_源码\0141121830_ZHAOBEICHEN\DEBUG\ALERT_01.SBR
H:\0141121830_ZHAOBEICHEN_源码\0141121830_ZHAOBEICHEN\DEBUG\ALERT_02.OBJ
H:\0141121830_ZHAOBEICHEN_源码\0141121830_ZHAOBEICHEN\DEBUG\ALERT_02.SBR
H:\0141121830_ZHAOBEICHEN_源码\0141121830_ZHAOBEICHEN\DEBUG\CALSCORE.OBJ
H:\0141121830_ZHAOBEICHEN_源码\0141121830_ZHAOBEICHEN\DEBUG\CALSCORE.SBR
H:\0141121830_ZHAOBEICHEN_源码\0141121830_ZHAOBEICHEN\DEBUG\CHECKIDCARDNUM.OBJ
H:\0141121830_ZHAOBEICHEN_源码\0141121830_ZHAOBEICHEN\DEBUG\CHECKIDCARDNUM.SBR
H:\0141121830_zhaobeichen_源码\0141121830_zhaobeichen\Debug\cl.command.1.tlog
H:\0141121830_zhaobeichen_源码\0141121830_zhaobeichen\Debug\CL.read.1.tlog
H:\0141121830_zhaobeichen_源码\0141121830_zhaobeichen\Debug\CL.write.1.tlog
H:\0141121830_ZHAOBEICHEN_源码\0141121830_ZHAOBEICHEN\DEBUG\ENCRYPTIONDIALOG.OBJ
H:\0141121830_ZHAOBEICHEN_源码\0141121830_ZHAOBEICHEN\DEBUG\ENCRYPTIONDIALOG.SBR
H:\0141121830_ZHAOBEICHEN_源码\0141121830_ZHAOBEICHEN\DEBUG\FUNCTION.OBJ
H:\0141121830_ZHAOBEICHEN_源码\0141121830_ZHAOBEICHEN\DEBUG\FUNCTION.SBR
H:\0141121830_ZHAOBEICHEN_源码\0141121830_ZHAOBEICHEN\DEBUG\PDFOUT.OBJ
H:\0141121830_ZHAOBEICHEN_源码\0141121830_ZHAOBEICHEN\DEBUG\PDFOUT.SBR
H:\0141121830_ZHAOBEICHEN_源码\0141121830_ZHAOBEICHEN\DEBUG\SET.OBJ
H:\0141121830_ZHAOBEICHEN_源码\0141121830_ZHAOBEICHEN\DEBUG\SET.SBR
H:\0141121830_ZHAOBEICHEN_源码\0141121830_ZHAOBEICHEN\DEBUG\SETPARA.OBJ
H:\0141121830_ZHAOBEICHEN_源码\0141121830_ZHAOBEICHEN\DEBUG\SETPARA.SBR
H:\0141121830_ZHAOBEICHEN_源码\0141121830_ZHAOBEICHEN\DEBUG\STDAFX.OBJ
H:\0141121830_ZHAOBEICHEN_源码\0141121830_ZHAOBEICHEN\DEBUG\STDAFX.SBR
H:\0141121830_ZHAOBEICHEN_源码\0141121830_ZHAOBEICHEN\DEBUG\TESTERS.OBJ
H:\0141121830_ZHAOBEICHEN_源码\0141121830_ZHAOBEICHEN\DEBUG\TESTERS.SBR
H:\0141121830_ZHAOBEICHEN_源码\0141121830_ZHAOBEICHEN\DEBUG\VC100.PDB
