生成启动时间为 2016/8/26 10:50:05。
     1>项目“C:\Users\asus-pc\Documents\Visual Studio 2013\Projects\备份\0141121830_zhaobeichen\0141121830_zhaobeichen\0141121830_zhaobeichen.vcxproj”在节点 2 上(Rebuild 个目标)。
     1>ClCompile:
         D:\VS2013\VC\bin\CL.exe /c /ZI /nologo /W3 /WX- /sdl /Od /Oy- /D WIN32 /D _WINDOWS /D _DEBUG /D _USING_V110_SDK71_ /D _MBCS /D _AFXDLL /Gm /EHsc /RTC1 /MDd /GS /fp:precise /Zc:wchar_t /Zc:forScope /Yc"stdafx.h" /Fp"Debug\0141121830_zhaobeichen.pch" /Fo"Debug\\" /Fd"Debug\vc120.pdb" /FR"Debug\\" /Gd /TP /analyze- /errorReport:prompt stdafx.cpp
         stdafx.cpp
     1>d:\vs2013\vc\atlmfc\include\afx.h(38): warning C4996: 'MBCS_Support_Deprecated_In_MFC': MBCS support in MFC is deprecated and may be removed in a future version of MFC.
                 d:\vs2013\vc\atlmfc\include\afx.h(33) : 参见“MBCS_Support_Deprecated_In_MFC”的声明
         D:\VS2013\VC\bin\CL.exe /c /ZI /nologo /W3 /WX- /sdl /Od /Oy- /D WIN32 /D _WINDOWS /D _DEBUG /D _USING_V110_SDK71_ /D _MBCS /D _AFXDLL /Gm /EHsc /RTC1 /MDd /GS /fp:precise /Zc:wchar_t /Zc:forScope /Yu"stdafx.h" /Fp"Debug\0141121830_zhaobeichen.pch" /Fo"Debug\\" /Fd"Debug\vc120.pdb" /FR"Debug\\" /Gd /TP /analyze- /errorReport:prompt 0141121830_zhaobeichen.cpp 0141121830_zhaobeichenDlg.cpp About.cpp AddFile.cpp Alert.cpp Alert_01.cpp Alert_02.cpp CalScore.cpp checkIDcardNum.cpp Encryption.cpp EncryptionDialog.cpp Function.cpp PDFout.cpp Set.cpp SetPara.cpp Testers.cpp
         Testers.cpp
         SetPara.cpp
         Set.cpp
         PDFout.cpp
         Function.cpp
         EncryptionDialog.cpp
         Encryption.cpp
     1>c:\users\asus-pc\documents\visual studio 2013\projects\备份\0141121830_zhaobeichen\0141121830_zhaobeichen\encryption.cpp(42): warning C4244: “=”: 从“ULONGLONG”转换到“int”，可能丢失数据
         checkIDcardNum.cpp
         CalScore.cpp
     1>c:\users\asus-pc\documents\visual studio 2013\projects\备份\0141121830_zhaobeichen\0141121830_zhaobeichen\calscore.cpp(31): warning C4244: “=”: 从“ULONGLONG”转换到“int”，可能丢失数据
         Alert_02.cpp
         Alert_01.cpp
         Alert.cpp
         AddFile.cpp
     1>c:\users\asus-pc\documents\visual studio 2013\projects\备份\0141121830_zhaobeichen\0141121830_zhaobeichen\addfile.cpp(91): warning C4800: “BOOL”: 将值强制为布尔值“true”或“false”(性能警告)
     1>c:\users\asus-pc\documents\visual studio 2013\projects\备份\0141121830_zhaobeichen\0141121830_zhaobeichen\addfile.cpp(114): warning C4800: “BOOL”: 将值强制为布尔值“true”或“false”(性能警告)
         About.cpp
         0141121830_zhaobeichenDlg.cpp
     1>c:\users\asus-pc\documents\visual studio 2013\projects\备份\0141121830_zhaobeichen\0141121830_zhaobeichen\0141121830_zhaobeichendlg.cpp(201): warning C4244: “=”: 从“double”转换到“int”，可能丢失数据
         0141121830_zhaobeichen.cpp
         正在生成代码...
       ResourceCompile:
         C:\Program Files (x86)\Microsoft SDKs\Windows\v7.1A\bin\rc.exe /D _DEBUG /D _USING_V110_SDK71_ /D _AFXDLL /l"0x0804" /IDebug\ /nologo /fo"Debug\0141121830_zhaobeichen.res" 0141121830_zhaobeichen.rc 
       Link:
         D:\VS2013\VC\bin\link.exe /ERRORREPORT:PROMPT /OUT:"C:\Users\asus-pc\Documents\Visual Studio 2013\Projects\备份\0141121830_zhaobeichen\Debug\0141121830_zhaobeichen.exe" /INCREMENTAL /NOLOGO Winmm.lib PDFlib/pdflib.lib shlwapi.lib /MANIFEST /MANIFESTUAC:"level='asInvoker' uiAccess='false'" /manifest:embed /manifestinput:D:\VS2013\VC\Include\Manifest\dpiaware.manifest /DEBUG /PDB:"C:\Users\asus-pc\Documents\Visual Studio 2013\Projects\备份\0141121830_zhaobeichen\Debug\0141121830_zhaobeichen.pdb" /SUBSYSTEM:WINDOWS,"5.01" /TLBID:1 /DYNAMICBASE /NXCOMPAT /IMPLIB:"C:\Users\asus-pc\Documents\Visual Studio 2013\Projects\备份\0141121830_zhaobeichen\Debug\0141121830_zhaobeichen.lib" /MACHINE:X86 Debug\0141121830_zhaobeichen.res
         Debug\0141121830_zhaobeichen.obj
         Debug\0141121830_zhaobeichenDlg.obj
         Debug\About.obj
         Debug\AddFile.obj
         Debug\Alert.obj
         Debug\Alert_01.obj
         Debug\Alert_02.obj
         Debug\CalScore.obj
         Debug\checkIDcardNum.obj
         Debug\Encryption.obj
         Debug\EncryptionDialog.obj
         Debug\Function.obj
         Debug\PDFout.obj
         Debug\Set.obj
         Debug\SetPara.obj
         Debug\stdafx.obj
         Debug\Testers.obj
         0141121830_zhaobeichen.vcxproj -> C:\Users\asus-pc\Documents\Visual Studio 2013\Projects\备份\0141121830_zhaobeichen\Debug\0141121830_zhaobeichen.exe
       BscMake:
         D:\VS2013\VC\bin\bscmake.exe /nologo /o"C:\Users\asus-pc\Documents\Visual Studio 2013\Projects\备份\0141121830_zhaobeichen\Debug\0141121830_zhaobeichen.bsc" /n Debug\0141121830_zhaobeichen.sbr Debug\0141121830_zhaobeichenDlg.sbr Debug\About.sbr Debug\AddFile.sbr Debug\Alert.sbr Debug\Alert_01.sbr Debug\Alert_02.sbr Debug\CalScore.sbr Debug\checkIDcardNum.sbr Debug\Encryption.sbr Debug\EncryptionDialog.sbr Debug\Function.sbr Debug\PDFout.sbr Debug\Set.sbr Debug\SetPara.sbr Debug\stdafx.sbr Debug\Testers.sbr
     1>已完成生成项目“C:\Users\asus-pc\Documents\Visual Studio 2013\Projects\备份\0141121830_zhaobeichen\0141121830_zhaobeichen\0141121830_zhaobeichen.vcxproj”(Rebuild 个目标)的操作。

生成成功。

已用时间 00:00:14.10
